build/app/intermediates/manifest_merge_blame_file/release/manifest-merger-blame-release-report.txt
1<?xml version="1.0" encoding="utf-8"?>
2<manifest xmlns:android="http://schemas.android.com/apk/res/android"
3    package="com.xbr.wallify"
4    android:versionCode="2"
5    android:versionName="1.1.0" >
6
7    <uses-sdk
8        android:minSdkVersion="16"
8-->src\main\AndroidManifest.xml
9        android:targetSdkVersion="31" />
9-->src\main\AndroidManifest.xml
10
11    <uses-permission
11-->src\main\AndroidManifest.xml:3:5-107
12        android:name="android.permission.WRITE_EXTERNAL_STORAGE"
12-->src\main\AndroidManifest.xml:3:22-78
13        android:maxSdkVersion="28" />
13-->src\main\AndroidManifest.xml:3:79-105
14    <uses-permission android:name="android.permission.READ_EXTERNAL_STORAGE" />
14-->src\main\AndroidManifest.xml:4:5-79
14-->src\main\AndroidManifest.xml:4:22-77
15    <!-- <uses-permission android:name="android.permission.MANAGE_EXTERNAL_STORAGE"/> -->
16    <uses-permission android:name="android.permission.INTERNET" />
16-->src\main\AndroidManifest.xml:6:5-66
16-->src\main\AndroidManifest.xml:6:22-64
17
18    <application
19        android:name="android.app.Application"
19-->src\main\AndroidManifest.xml:9:9-42
20        android:appComponentFactory="androidx.core.app.CoreComponentFactory"
20-->[androidx.core:core:1.6.0] AndroidManifest.xml:24:18-86
21        android:icon="@mipmap/ic_launcher"
21-->src\main\AndroidManifest.xml:10:9-43
22        android:label="Wallify" >
22-->src\main\AndroidManifest.xml:8:9-32
23        <activity
23-->src\main\AndroidManifest.xml:11:9-31:20
24            android:name="com.example.wallify.MainActivity"
24-->src\main\AndroidManifest.xml:12:13-41
25            android:configChanges="orientation|keyboardHidden|keyboard|screenSize|smallestScreenSize|locale|layoutDirection|fontScale|screenLayout|density|uiMode"
25-->src\main\AndroidManifest.xml:16:13-163
26            android:exported="true"
26-->src\main\AndroidManifest.xml:13:13-36
27            android:hardwareAccelerated="true"
27-->src\main\AndroidManifest.xml:17:13-47
28            android:launchMode="singleTop"
28-->src\main\AndroidManifest.xml:14:13-43
29            android:theme="@style/LaunchTheme"
29-->src\main\AndroidManifest.xml:15:13-47
30            android:windowSoftInputMode="adjustResize" >
30-->src\main\AndroidManifest.xml:18:13-55
31
32            <!--
33                 Specifies an Android theme to apply to this Activity as soon as
34                 the Android process has started. This theme is visible to the user
35                 while the Flutter UI initializes. After that, this theme continues
36                 to determine the Window background behind the Flutter UI.
37            -->
38            <meta-data
38-->src\main\AndroidManifest.xml:23:13-26:17
39                android:name="io.flutter.embedding.android.NormalTheme"
39-->src\main\AndroidManifest.xml:24:15-70
40                android:resource="@style/NormalTheme" />
40-->src\main\AndroidManifest.xml:25:15-52
41
42            <intent-filter>
42-->src\main\AndroidManifest.xml:27:13-30:29
43                <action android:name="android.intent.action.MAIN" />
43-->src\main\AndroidManifest.xml:28:17-68
43-->src\main\AndroidManifest.xml:28:25-66
44
45                <category android:name="android.intent.category.LAUNCHER" />
45-->src\main\AndroidManifest.xml:29:17-76
45-->src\main\AndroidManifest.xml:29:27-74
46            </intent-filter>
47        </activity>
48        <!--
49             Don't delete the meta-data below.
50             This is used by the Flutter tool to generate GeneratedPluginRegistrant.java
51        -->
52        <meta-data
52-->src\main\AndroidManifest.xml:34:9-36:33
53            android:name="flutterEmbedding"
53-->src\main\AndroidManifest.xml:35:13-44
54            android:value="2" />
54-->src\main\AndroidManifest.xml:36:13-30
55    </application>
56
57</manifest>